d:\desnenkoo\projects 2023\project_6_event_management_system\eventmanagementsystemapp\x64\debug\vc143.pdb
d:\desnenkoo\projects 2023\project_6_event_management_system\eventmanagementsystemapp\x64\debug\vc143.idb
d:\desnenkoo\projects 2023\project_6_event_management_system\eventmanagementsystemapp\x64\debug\menu.obj
d:\desnenkoo\projects 2023\project_6_event_management_system\eventmanagementsystemapp\x64\debug\main.obj
d:\desnenkoo\projects 2023\project_6_event_management_system\eventmanagementsystemapp\x64\debug\eventmanager.obj
d:\desnenkoo\projects 2023\project_6_event_management_system\eventmanagementsystemapp\x64\debug\event.obj
d:\desnenkoo\projects 2023\project_6_event_management_system\eventmanagementsystemapp\x64\debug\authorization.obj
d:\desnenkoo\projects 2023\project_6_event_management_system\eventmanagementsystemapp\x64\debug\attendee.obj
d:\desnenkoo\projects 2023\project_6_event_management_system\eventmanagementsystemapp\x64\debug\admin.obj
d:\desnenkoo\projects 2023\eventmanagementsystem\eventmanagementsystemapp\x64\debug\jsoncpp.dll
d:\desnenkoo\projects 2023\project_6_event_management_system\eventmanagementsystemapp\x64\debug\jsoncpp.dll
d:\desnenkoo\projects 2023\project_6_event_management_system\eventmanagementsystemapp\x64\debug\eventmanagementsystemapp.exe
d:\desnenkoo\projects 2023\project_6_event_management_system\eventmanagementsystemapp\x64\debug\eventmanagementsystemapp.ilk
d:\desnenkoo\projects 2023\project_6_event_management_system\eventmanagementsystemapp\x64\debug\eventmanagementsystemapp.pdb
d:\desnenkoo\projects 2023\project_6_event_management_system\eventmanagementsystemapp\x64\debug\eventmanager.obj.enc
d:\desnenkoo\projects 2023\project_6_event_management_system\eventmanagementsystemapp\x64\debug\admin.nativecodeanalysis.xml
d:\desnenkoo\projects 2023\project_6_event_management_system\eventmanagementsystemapp\x64\debug\attendee.nativecodeanalysis.xml
d:\desnenkoo\projects 2023\project_6_event_management_system\eventmanagementsystemapp\x64\debug\authorization.nativecodeanalysis.xml
d:\desnenkoo\projects 2023\project_6_event_management_system\eventmanagementsystemapp\x64\debug\event.nativecodeanalysis.xml
d:\desnenkoo\projects 2023\project_6_event_management_system\eventmanagementsystemapp\x64\debug\eventmanager.nativecodeanalysis.xml
d:\desnenkoo\projects 2023\project_6_event_management_system\eventmanagementsystemapp\x64\debug\main.nativecodeanalysis.xml
d:\desnenkoo\projects 2023\project_6_event_management_system\eventmanagementsystemapp\x64\debug\menu.nativecodeanalysis.xml
d:\desnenkoo\projects 2023\project_6_event_management_system\eventmanagementsystemapp\x64\debug\vc.nativecodeanalysis.all.xml
d:\desnenkoo\projects 2023\project_6_event_management_system\eventmanagementsystemapp\x64\debug\eventman.372eff01.tlog\cl.command.1.tlog
d:\desnenkoo\projects 2023\project_6_event_management_system\eventmanagementsystemapp\x64\debug\eventman.372eff01.tlog\cl.items.tlog
d:\desnenkoo\projects 2023\project_6_event_management_system\eventmanagementsystemapp\x64\debug\eventman.372eff01.tlog\cl.read.1.tlog
d:\desnenkoo\projects 2023\project_6_event_management_system\eventmanagementsystemapp\x64\debug\eventman.372eff01.tlog\cl.write.1.tlog
d:\desnenkoo\projects 2023\project_6_event_management_system\eventmanagementsystemapp\x64\debug\eventman.372eff01.tlog\eventmanagementsystemapp.write.1u.tlog
d:\desnenkoo\projects 2023\project_6_event_management_system\eventmanagementsystemapp\x64\debug\eventman.372eff01.tlog\link.command.1.tlog
d:\desnenkoo\projects 2023\project_6_event_management_system\eventmanagementsystemapp\x64\debug\eventman.372eff01.tlog\link.read.1.tlog
d:\desnenkoo\projects 2023\project_6_event_management_system\eventmanagementsystemapp\x64\debug\eventman.372eff01.tlog\link.write.1.tlog
